2025-03-22 17:03:00,691 CRIT Supervisor is running as root.  Privileges were not dropped because no user is specified in the config file.  If you intend to run as root, you can set user=root in the config file to avoid this message.
2025-03-22 17:03:00,697 INFO supervisord started with pid 1
2025-03-22 17:03:01,699 INFO spawned: 'grpc' with pid 7
2025-03-22 17:03:01,702 INFO spawned: 'rest' with pid 8
2025-03-22 17:03:03,633 INFO success: grpc entered RUNNING state, process has stayed up for > than 1 seconds (startsecs)
2025-03-22 17:03:03,634 INFO success: rest entered RUNNING state, process has stayed up for > than 1 seconds (startsecs)
2025-03-22 17:03:07,639 WARN received SIGTERM indicating exit request
2025-03-22 17:03:07,639 INFO waiting for grpc, rest to die
2025-03-22 17:03:07,752 WARN stopped: rest (terminated by SIGTERM)
2025-03-22 17:03:07,756 WARN stopped: grpc (terminated by SIGTERM)
2025-03-29 16:59:00,455 CRIT Supervisor is running as root.  Privileges were not dropped because no user is specified in the config file.  If you intend to run as root, you can set user=root in the config file to avoid this message.
2025-03-29 16:59:00,462 INFO supervisord started with pid 1
2025-03-29 16:59:01,464 INFO spawned: 'grpc' with pid 8
2025-03-29 16:59:01,466 INFO spawned: 'rest' with pid 9
2025-03-29 16:59:03,319 INFO success: grpc entered RUNNING state, process has stayed up for > than 1 seconds (startsecs)
2025-03-29 16:59:03,319 INFO success: rest entered RUNNING state, process has stayed up for > than 1 seconds (startsecs)
2025-03-29 17:04:42,743 WARN received SIGTERM indicating exit request
2025-03-29 17:04:42,745 INFO waiting for grpc, rest to die
2025-03-29 17:04:42,878 WARN stopped: rest (terminated by SIGTERM)
2025-03-29 17:04:42,889 WARN stopped: grpc (terminated by SIGTERM)
2025-03-29 17:12:41,604 CRIT Supervisor is running as root.  Privileges were not dropped because no user is specified in the config file.  If you intend to run as root, you can set user=root in the config file to avoid this message.
2025-03-29 17:12:41,608 INFO supervisord started with pid 1
2025-03-29 17:12:42,611 INFO spawned: 'grpc' with pid 6
2025-03-29 17:12:42,612 INFO spawned: 'rest' with pid 7
2025-03-29 17:12:44,337 INFO success: grpc entered RUNNING state, process has stayed up for > than 1 seconds (startsecs)
2025-03-29 17:12:44,338 INFO success: rest entered RUNNING state, process has stayed up for > than 1 seconds (startsecs)
2025-03-29 17:14:57,506 WARN received SIGTERM indicating exit request
2025-03-29 17:14:57,508 INFO waiting for grpc, rest to die
2025-03-29 17:14:57,705 WARN stopped: rest (terminated by SIGTERM)
2025-03-29 17:14:57,715 WARN stopped: grpc (terminated by SIGTERM)
2025-03-29 17:15:14,162 CRIT Supervisor is running as root.  Privileges were not dropped because no user is specified in the config file.  If you intend to run as root, you can set user=root in the config file to avoid this message.
2025-03-29 17:15:14,168 INFO supervisord started with pid 1
2025-03-29 17:15:15,170 INFO spawned: 'grpc' with pid 7
2025-03-29 17:15:15,172 INFO spawned: 'rest' with pid 8
2025-03-29 17:15:16,989 INFO success: grpc entered RUNNING state, process has stayed up for > than 1 seconds (startsecs)
2025-03-29 17:15:16,990 INFO success: rest entered RUNNING state, process has stayed up for > than 1 seconds (startsecs)
2025-03-29 17:28:39,000 WARN received SIGTERM indicating exit request
2025-03-29 17:28:39,002 INFO waiting for grpc, rest to die
2025-03-29 17:28:39,181 WARN stopped: rest (terminated by SIGTERM)
2025-03-29 17:28:39,193 WARN stopped: grpc (terminated by SIGTERM)
2025-03-29 17:28:40,524 CRIT Supervisor is running as root.  Privileges were not dropped because no user is specified in the config file.  If you intend to run as root, you can set user=root in the config file to avoid this message.
2025-03-29 17:28:40,529 INFO supervisord started with pid 1
2025-03-29 17:28:41,532 INFO spawned: 'grpc' with pid 7
2025-03-29 17:28:41,536 INFO spawned: 'rest' with pid 8
2025-03-29 17:28:42,533 INFO success: grpc entered RUNNING state, process has stayed up for > than 1 seconds (startsecs)
2025-03-29 17:28:42,536 INFO success: rest entered RUNNING state, process has stayed up for > than 1 seconds (startsecs)
2025-03-29 17:36:57,221 WARN received SIGTERM indicating exit request
2025-03-29 17:36:57,222 INFO waiting for grpc, rest to die
2025-03-29 17:36:57,424 WARN stopped: rest (terminated by SIGTERM)
2025-03-29 17:36:57,443 WARN stopped: grpc (terminated by SIGTERM)
2025-04-10 17:29:58,104 CRIT Supervisor is running as root.  Privileges were not dropped because no user is specified in the config file.  If you intend to run as root, you can set user=root in the config file to avoid this message.
2025-04-10 17:29:58,117 INFO supervisord started with pid 1
2025-04-10 17:29:59,121 INFO spawned: 'grpc' with pid 7
2025-04-10 17:29:59,126 INFO spawned: 'rest' with pid 8
2025-04-10 17:30:00,131 INFO success: grpc entered RUNNING state, process has stayed up for > than 1 seconds (startsecs)
2025-04-10 17:30:00,132 INFO success: rest entered RUNNING state, process has stayed up for > than 1 seconds (startsecs)
2025-04-10 17:41:08,649 WARN received SIGTERM indicating exit request
2025-04-10 17:41:08,654 INFO waiting for grpc, rest to die
2025-04-10 17:41:09,792 WARN stopped: rest (terminated by SIGTERM)
2025-04-10 17:41:09,836 WARN stopped: grpc (terminated by SIGTERM)
2025-04-10 17:41:40,422 CRIT Supervisor is running as root.  Privileges were not dropped because no user is specified in the config file.  If you intend to run as root, you can set user=root in the config file to avoid this message.
2025-04-10 17:41:40,435 INFO supervisord started with pid 1
2025-04-10 17:41:41,439 INFO spawned: 'grpc' with pid 7
2025-04-10 17:41:41,445 INFO spawned: 'rest' with pid 8
2025-04-10 17:41:42,448 INFO success: grpc entered RUNNING state, process has stayed up for > than 1 seconds (startsecs)
2025-04-10 17:41:42,450 INFO success: rest entered RUNNING state, process has stayed up for > than 1 seconds (startsecs)
2025-04-10 17:47:01,683 WARN received SIGTERM indicating exit request
2025-04-10 17:47:01,687 INFO waiting for grpc, rest to die
2025-04-10 17:47:02,867 WARN stopped: rest (terminated by SIGTERM)
2025-04-10 17:47:02,877 WARN stopped: grpc (terminated by SIGTERM)
2025-04-10 17:47:43,497 CRIT Supervisor is running as root.  Privileges were not dropped because no user is specified in the config file.  If you intend to run as root, you can set user=root in the config file to avoid this message.
2025-04-10 17:47:43,508 INFO supervisord started with pid 1
2025-04-10 17:47:44,513 INFO spawned: 'grpc' with pid 7
2025-04-10 17:47:44,519 INFO spawned: 'rest' with pid 8
2025-04-10 17:47:45,522 INFO success: grpc entered RUNNING state, process has stayed up for > than 1 seconds (startsecs)
2025-04-10 17:47:45,523 INFO success: rest entered RUNNING state, process has stayed up for > than 1 seconds (startsecs)
2025-04-10 18:00:15,270 WARN received SIGTERM indicating exit request
2025-04-10 18:00:15,272 INFO waiting for grpc, rest to die
2025-04-10 18:00:15,398 WARN stopped: rest (terminated by SIGTERM)
2025-04-10 18:00:15,405 WARN stopped: grpc (terminated by SIGTERM)
2025-04-10 18:00:39,688 CRIT Supervisor is running as root.  Privileges were not dropped because no user is specified in the config file.  If you intend to run as root, you can set user=root in the config file to avoid this message.
2025-04-10 18:00:39,705 INFO supervisord started with pid 1
2025-04-10 18:00:40,710 INFO spawned: 'grpc' with pid 7
2025-04-10 18:00:40,716 INFO spawned: 'rest' with pid 8
2025-04-10 18:00:41,721 INFO success: grpc entered RUNNING state, process has stayed up for > than 1 seconds (startsecs)
2025-04-10 18:00:41,725 INFO success: rest entered RUNNING state, process has stayed up for > than 1 seconds (startsecs)
2025-04-10 18:11:31,525 WARN received SIGTERM indicating exit request
2025-04-10 18:11:31,529 INFO waiting for grpc, rest to die
2025-04-10 18:11:31,698 WARN stopped: rest (terminated by SIGTERM)
2025-04-10 18:11:31,708 WARN stopped: grpc (terminated by SIGTERM)
2025-04-14 15:25:46,189 CRIT Supervisor is running as root.  Privileges were not dropped because no user is specified in the config file.  If you intend to run as root, you can set user=root in the config file to avoid this message.
2025-04-14 15:25:46,195 INFO supervisord started with pid 1
2025-04-14 15:25:47,204 INFO spawned: 'grpc' with pid 7
2025-04-14 15:25:47,209 INFO spawned: 'rest' with pid 8
2025-04-14 15:25:48,992 INFO success: grpc entered RUNNING state, process has stayed up for > than 1 seconds (startsecs)
2025-04-14 15:25:48,995 INFO success: rest entered RUNNING state, process has stayed up for > than 1 seconds (startsecs)
2025-04-14 15:55:26,017 WARN received SIGTERM indicating exit request
2025-04-14 15:55:26,020 INFO waiting for grpc, rest to die
2025-04-14 15:55:27,199 WARN stopped: rest (terminated by SIGTERM)
2025-04-14 15:55:27,209 WARN stopped: grpc (terminated by SIGTERM)
2025-04-14 16:01:42,008 CRIT Supervisor is running as root.  Privileges were not dropped because no user is specified in the config file.  If you intend to run as root, you can set user=root in the config file to avoid this message.
2025-04-14 16:01:42,014 INFO supervisord started with pid 1
2025-04-14 16:01:43,017 INFO spawned: 'grpc' with pid 7
2025-04-14 16:01:43,020 INFO spawned: 'rest' with pid 8
2025-04-14 16:01:44,642 INFO success: grpc entered RUNNING state, process has stayed up for > than 1 seconds (startsecs)
2025-04-14 16:01:44,642 INFO success: rest entered RUNNING state, process has stayed up for > than 1 seconds (startsecs)
2025-04-14 16:26:09,766 WARN received SIGTERM indicating exit request
2025-04-14 16:26:09,768 INFO waiting for grpc, rest to die
2025-04-14 16:26:09,926 WARN stopped: rest (terminated by SIGTERM)
2025-04-14 16:26:09,937 WARN stopped: grpc (terminated by SIGTERM)
2025-04-14 16:29:35,902 CRIT Supervisor is running as root.  Privileges were not dropped because no user is specified in the config file.  If you intend to run as root, you can set user=root in the config file to avoid this message.
2025-04-14 16:29:35,908 INFO supervisord started with pid 1
2025-04-14 16:29:36,911 INFO spawned: 'grpc' with pid 7
2025-04-14 16:29:36,913 INFO spawned: 'rest' with pid 8
2025-04-14 16:29:38,577 INFO success: grpc entered RUNNING state, process has stayed up for > than 1 seconds (startsecs)
2025-04-14 16:29:38,577 INFO success: rest entered RUNNING state, process has stayed up for > than 1 seconds (startsecs)
2025-04-14 17:46:01,932 CRIT Supervisor is running as root.  Privileges were not dropped because no user is specified in the config file.  If you intend to run as root, you can set user=root in the config file to avoid this message.
2025-04-14 17:46:01,947 INFO supervisord started with pid 1
2025-04-14 17:46:02,951 INFO spawned: 'grpc' with pid 7
2025-04-14 17:46:02,957 INFO spawned: 'rest' with pid 8
2025-04-14 17:46:03,960 INFO success: grpc entered RUNNING state, process has stayed up for > than 1 seconds (startsecs)
2025-04-14 17:46:03,961 INFO success: rest entered RUNNING state, process has stayed up for > than 1 seconds (startsecs)
2025-04-14 17:47:29,689 WARN received SIGTERM indicating exit request
2025-04-14 17:47:29,692 INFO waiting for grpc, rest to die
2025-04-14 17:47:29,827 WARN stopped: rest (terminated by SIGTERM)
2025-04-14 17:47:29,835 WARN stopped: grpc (terminated by SIGTERM)
2025-04-14 17:47:41,494 CRIT Supervisor is running as root.  Privileges were not dropped because no user is specified in the config file.  If you intend to run as root, you can set user=root in the config file to avoid this message.
2025-04-14 17:47:41,508 INFO supervisord started with pid 1
2025-04-14 17:47:42,514 INFO spawned: 'grpc' with pid 7
2025-04-14 17:47:42,519 INFO spawned: 'rest' with pid 8
2025-04-14 17:47:43,522 INFO success: grpc entered RUNNING state, process has stayed up for > than 1 seconds (startsecs)
2025-04-14 17:47:43,524 INFO success: rest entered RUNNING state, process has stayed up for > than 1 seconds (startsecs)
2025-04-14 17:51:06,461 WARN received SIGTERM indicating exit request
2025-04-14 17:51:06,463 INFO waiting for grpc, rest to die
2025-04-14 17:51:06,656 WARN stopped: rest (terminated by SIGTERM)
2025-04-14 17:51:06,663 WARN stopped: grpc (terminated by SIGTERM)
2025-04-14 17:51:30,601 CRIT Supervisor is running as root.  Privileges were not dropped because no user is specified in the config file.  If you intend to run as root, you can set user=root in the config file to avoid this message.
2025-04-14 17:51:30,612 INFO supervisord started with pid 1
2025-04-14 17:51:31,616 INFO spawned: 'grpc' with pid 7
2025-04-14 17:51:31,624 INFO spawned: 'rest' with pid 8
2025-04-14 17:51:32,629 INFO success: grpc entered RUNNING state, process has stayed up for > than 1 seconds (startsecs)
2025-04-14 17:51:32,630 INFO success: rest entered RUNNING state, process has stayed up for > than 1 seconds (startsecs)
2025-04-14 18:04:33,201 WARN received SIGTERM indicating exit request
2025-04-14 18:04:33,203 INFO waiting for grpc, rest to die
2025-04-14 18:04:33,347 WARN stopped: rest (terminated by SIGTERM)
2025-04-14 18:04:33,354 WARN stopped: grpc (terminated by SIGTERM)
2025-04-14 18:05:51,342 CRIT Supervisor is running as root.  Privileges were not dropped because no user is specified in the config file.  If you intend to run as root, you can set user=root in the config file to avoid this message.
2025-04-14 18:05:51,355 INFO supervisord started with pid 1
2025-04-14 18:05:52,359 INFO spawned: 'grpc' with pid 7
2025-04-14 18:05:52,364 INFO spawned: 'rest' with pid 8
2025-04-14 18:05:53,368 INFO success: grpc entered RUNNING state, process has stayed up for > than 1 seconds (startsecs)
2025-04-14 18:05:53,369 INFO success: rest entered RUNNING state, process has stayed up for > than 1 seconds (startsecs)
2025-04-14 18:06:37,093 WARN received SIGTERM indicating exit request
2025-04-14 18:06:37,095 INFO waiting for grpc, rest to die
2025-04-14 18:06:37,269 WARN stopped: rest (terminated by SIGTERM)
2025-04-14 18:06:37,276 WARN stopped: grpc (terminated by SIGTERM)
2025-04-29 15:11:02,879 CRIT Supervisor is running as root.  Privileges were not dropped because no user is specified in the config file.  If you intend to run as root, you can set user=root in the config file to avoid this message.
2025-04-29 15:11:02,883 INFO supervisord started with pid 1
2025-04-29 15:11:03,886 INFO spawned: 'grpc' with pid 7
2025-04-29 15:11:03,888 INFO spawned: 'rest' with pid 8
2025-04-29 15:11:05,572 INFO success: grpc entered RUNNING state, process has stayed up for > than 1 seconds (startsecs)
2025-04-29 15:11:05,573 INFO success: rest entered RUNNING state, process has stayed up for > than 1 seconds (startsecs)
2025-04-29 15:24:09,844 CRIT Supervisor is running as root.  Privileges were not dropped because no user is specified in the config file.  If you intend to run as root, you can set user=root in the config file to avoid this message.
2025-04-29 15:24:09,849 INFO supervisord started with pid 1
2025-04-29 15:24:10,852 INFO spawned: 'grpc' with pid 7
2025-04-29 15:24:10,855 INFO spawned: 'rest' with pid 8
2025-04-29 15:24:12,564 INFO success: grpc entered RUNNING state, process has stayed up for > than 1 seconds (startsecs)
2025-04-29 15:24:12,564 INFO success: rest entered RUNNING state, process has stayed up for > than 1 seconds (startsecs)
2025-04-29 15:39:59,756 WARN received SIGTERM indicating exit request
2025-04-29 15:39:59,758 INFO waiting for grpc, rest to die
2025-04-29 15:39:59,959 WARN stopped: rest (terminated by SIGTERM)
2025-04-29 15:39:59,963 WARN stopped: grpc (terminated by SIGTERM)
2025-04-29 15:40:18,611 CRIT Supervisor is running as root.  Privileges were not dropped because no user is specified in the config file.  If you intend to run as root, you can set user=root in the config file to avoid this message.
2025-04-29 15:40:18,616 INFO supervisord started with pid 1
2025-04-29 15:40:19,619 INFO spawned: 'grpc' with pid 7
2025-04-29 15:40:19,622 INFO spawned: 'rest' with pid 8
2025-04-29 15:40:21,385 INFO success: grpc entered RUNNING state, process has stayed up for > than 1 seconds (startsecs)
2025-04-29 15:40:21,392 INFO success: rest entered RUNNING state, process has stayed up for > than 1 seconds (startsecs)
2025-04-29 15:53:37,969 WARN received SIGTERM indicating exit request
2025-04-29 15:53:37,970 INFO waiting for grpc, rest to die
2025-04-29 15:53:38,131 WARN stopped: rest (terminated by SIGTERM)
2025-04-29 15:53:38,136 WARN stopped: grpc (terminated by SIGTERM)
2025-05-11 11:51:08,078 CRIT Supervisor is running as root.  Privileges were not dropped because no user is specified in the config file.  If you intend to run as root, you can set user=root in the config file to avoid this message.
2025-05-11 11:51:08,084 INFO supervisord started with pid 1
2025-05-11 11:51:09,087 INFO spawned: 'grpc' with pid 7
2025-05-11 11:51:09,090 INFO spawned: 'rest' with pid 8
2025-05-11 11:51:10,823 INFO success: grpc entered RUNNING state, process has stayed up for > than 1 seconds (startsecs)
2025-05-11 11:51:10,824 INFO success: rest entered RUNNING state, process has stayed up for > than 1 seconds (startsecs)
2025-05-11 12:23:54,255 WARN received SIGTERM indicating exit request
2025-05-11 12:23:54,257 INFO waiting for grpc, rest to die
2025-05-11 12:23:54,415 WARN stopped: rest (terminated by SIGTERM)
2025-05-11 12:23:54,418 WARN stopped: grpc (terminated by SIGTERM)
2025-05-11 12:25:51,971 CRIT Supervisor is running as root.  Privileges were not dropped because no user is specified in the config file.  If you intend to run as root, you can set user=root in the config file to avoid this message.
2025-05-11 12:25:51,976 INFO supervisord started with pid 1
2025-05-11 12:25:52,978 INFO spawned: 'grpc' with pid 7
2025-05-11 12:25:52,979 INFO spawned: 'rest' with pid 8
2025-05-11 12:25:54,562 INFO success: grpc entered RUNNING state, process has stayed up for > than 1 seconds (startsecs)
2025-05-11 12:25:54,562 INFO success: rest entered RUNNING state, process has stayed up for > than 1 seconds (startsecs)
2025-05-11 12:39:17,084 WARN received SIGTERM indicating exit request
2025-05-11 12:39:17,086 INFO waiting for grpc, rest to die
2025-05-11 12:39:17,220 WARN stopped: rest (terminated by SIGTERM)
2025-05-11 12:39:17,223 WARN stopped: grpc (terminated by SIGTERM)
2025-05-11 12:42:04,231 CRIT Supervisor is running as root.  Privileges were not dropped because no user is specified in the config file.  If you intend to run as root, you can set user=root in the config file to avoid this message.
2025-05-11 12:42:04,237 INFO supervisord started with pid 1
2025-05-11 12:42:05,240 INFO spawned: 'grpc' with pid 7
2025-05-11 12:42:05,242 INFO spawned: 'rest' with pid 8
2025-05-11 12:42:07,003 INFO success: grpc entered RUNNING state, process has stayed up for > than 1 seconds (startsecs)
2025-05-11 12:42:07,003 INFO success: rest entered RUNNING state, process has stayed up for > than 1 seconds (startsecs)
2025-05-11 12:45:35,256 WARN received SIGTERM indicating exit request
2025-05-11 12:45:35,257 INFO waiting for grpc, rest to die
2025-05-11 12:45:35,398 WARN stopped: rest (terminated by SIGTERM)
2025-05-11 12:45:35,402 WARN stopped: grpc (terminated by SIGTERM)
2025-05-11 12:45:52,068 CRIT Supervisor is running as root.  Privileges were not dropped because no user is specified in the config file.  If you intend to run as root, you can set user=root in the config file to avoid this message.
2025-05-11 12:45:52,074 INFO supervisord started with pid 1
2025-05-11 12:45:53,077 INFO spawned: 'grpc' with pid 7
2025-05-11 12:45:53,080 INFO spawned: 'rest' with pid 8
2025-05-11 12:45:54,765 INFO success: grpc entered RUNNING state, process has stayed up for > than 1 seconds (startsecs)
2025-05-11 12:45:54,766 INFO success: rest entered RUNNING state, process has stayed up for > than 1 seconds (startsecs)
2025-05-11 12:49:16,339 WARN received SIGTERM indicating exit request
2025-05-11 12:49:16,340 INFO waiting for grpc, rest to die
2025-05-11 12:49:16,536 WARN stopped: rest (terminated by SIGTERM)
2025-05-11 12:49:16,539 WARN stopped: grpc (terminated by SIGTERM)
2025-05-11 12:49:35,681 CRIT Supervisor is running as root.  Privileges were not dropped because no user is specified in the config file.  If you intend to run as root, you can set user=root in the config file to avoid this message.
2025-05-11 12:49:35,689 INFO supervisord started with pid 1
2025-05-11 12:49:36,693 INFO spawned: 'grpc' with pid 7
2025-05-11 12:49:36,695 INFO spawned: 'rest' with pid 8
2025-05-11 12:49:38,357 INFO success: grpc entered RUNNING state, process has stayed up for > than 1 seconds (startsecs)
2025-05-11 12:49:38,357 INFO success: rest entered RUNNING state, process has stayed up for > than 1 seconds (startsecs)
2025-05-11 13:18:14,619 WARN received SIGTERM indicating exit request
2025-05-11 13:18:14,621 INFO waiting for grpc, rest to die
2025-05-11 13:18:14,728 WARN stopped: rest (terminated by SIGTERM)
2025-05-11 13:18:14,730 WARN stopped: grpc (terminated by SIGTERM)
2025-05-14 08:12:15,793 CRIT Supervisor is running as root.  Privileges were not dropped because no user is specified in the config file.  If you intend to run as root, you can set user=root in the config file to avoid this message.
2025-05-14 08:12:15,799 INFO supervisord started with pid 1
2025-05-14 08:12:16,804 INFO spawned: 'grpc' with pid 7
2025-05-14 08:12:16,806 INFO spawned: 'rest' with pid 8
2025-05-14 08:12:18,529 INFO success: grpc entered RUNNING state, process has stayed up for > than 1 seconds (startsecs)
2025-05-14 08:12:18,530 INFO success: rest entered RUNNING state, process has stayed up for > than 1 seconds (startsecs)
2025-05-14 08:28:10,629 WARN received SIGTERM indicating exit request
2025-05-14 08:28:10,630 INFO waiting for grpc, rest to die
2025-05-14 08:28:10,749 WARN stopped: rest (terminated by SIGTERM)
2025-05-14 08:28:10,753 WARN stopped: grpc (terminated by SIGTERM)
2025-05-14 08:34:37,880 CRIT Supervisor is running as root.  Privileges were not dropped because no user is specified in the config file.  If you intend to run as root, you can set user=root in the config file to avoid this message.
2025-05-14 08:34:37,887 INFO supervisord started with pid 1
2025-05-14 08:34:38,889 INFO spawned: 'grpc' with pid 7
2025-05-14 08:34:38,891 INFO spawned: 'rest' with pid 8
2025-05-14 08:34:40,654 INFO success: grpc entered RUNNING state, process has stayed up for > than 1 seconds (startsecs)
2025-05-14 08:34:40,655 INFO success: rest entered RUNNING state, process has stayed up for > than 1 seconds (startsecs)
2025-05-14 08:37:45,872 WARN received SIGTERM indicating exit request
2025-05-14 08:37:45,874 INFO waiting for grpc, rest to die
2025-05-14 08:37:46,042 WARN stopped: rest (terminated by SIGTERM)
2025-05-14 08:37:46,045 WARN stopped: grpc (terminated by SIGTERM)
2025-05-14 08:38:55,546 CRIT Supervisor is running as root.  Privileges were not dropped because no user is specified in the config file.  If you intend to run as root, you can set user=root in the config file to avoid this message.
2025-05-14 08:38:55,551 INFO supervisord started with pid 1
2025-05-14 08:38:56,553 INFO spawned: 'grpc' with pid 7
2025-05-14 08:38:56,555 INFO spawned: 'rest' with pid 8
2025-05-14 08:38:58,123 INFO success: grpc entered RUNNING state, process has stayed up for > than 1 seconds (startsecs)
2025-05-14 08:38:58,124 INFO success: rest entered RUNNING state, process has stayed up for > than 1 seconds (startsecs)
2025-05-14 08:51:26,768 WARN received SIGTERM indicating exit request
2025-05-14 08:51:26,769 INFO waiting for grpc, rest to die
2025-05-14 08:51:26,889 WARN stopped: rest (terminated by SIGTERM)
2025-05-14 08:51:26,896 WARN stopped: grpc (terminated by SIGTERM)
2025-05-14 08:51:44,394 CRIT Supervisor is running as root.  Privileges were not dropped because no user is specified in the config file.  If you intend to run as root, you can set user=root in the config file to avoid this message.
2025-05-14 08:51:44,401 INFO supervisord started with pid 1
2025-05-14 08:51:45,403 INFO spawned: 'grpc' with pid 7
2025-05-14 08:51:45,405 INFO spawned: 'rest' with pid 8
2025-05-14 08:51:47,145 INFO success: grpc entered RUNNING state, process has stayed up for > than 1 seconds (startsecs)
2025-05-14 08:51:47,146 INFO success: rest entered RUNNING state, process has stayed up for > than 1 seconds (startsecs)
2025-05-14 09:09:38,643 WARN received SIGTERM indicating exit request
2025-05-14 09:09:38,644 INFO waiting for grpc, rest to die
2025-05-14 09:09:38,805 WARN stopped: rest (terminated by SIGTERM)
2025-05-14 09:09:38,809 WARN stopped: grpc (terminated by SIGTERM)
2025-05-14 09:10:23,486 CRIT Supervisor is running as root.  Privileges were not dropped because no user is specified in the config file.  If you intend to run as root, you can set user=root in the config file to avoid this message.
2025-05-14 09:10:23,491 INFO supervisord started with pid 1
2025-05-14 09:10:24,494 INFO spawned: 'grpc' with pid 7
2025-05-14 09:10:24,496 INFO spawned: 'rest' with pid 8
2025-05-14 09:10:26,172 INFO success: grpc entered RUNNING state, process has stayed up for > than 1 seconds (startsecs)
2025-05-14 09:10:26,173 INFO success: rest entered RUNNING state, process has stayed up for > than 1 seconds (startsecs)
2025-05-14 09:43:38,164 WARN received SIGTERM indicating exit request
2025-05-14 09:43:38,166 INFO waiting for grpc, rest to die
2025-05-14 09:43:38,304 WARN stopped: rest (terminated by SIGTERM)
2025-05-14 09:43:38,307 WARN stopped: grpc (terminated by SIGTERM)
